{"level":"\u001b[32minfo\u001b[39m","message":"{\"method\":\"GET/\",\"url\":\"200\",\"status\":\"3.401\",\"responseTime\":\"ms\\n\"}","timestamp":"2024-11-13T05:36:04.946Z"}
{"level":"\u001b[32minfo\u001b[39m","message":"{\"method\":\"GET/\",\"url\":\"200\",\"status\":\"1.670\",\"responseTime\":\"ms\\n\"}","timestamp":"2024-11-13T05:39:06.870Z"}
{"level":"\u001b[32minfo\u001b[39m","message":"{\"method\":\"POST/api/v1/auth/signup\",\"url\":\"200\",\"status\":\"107.679\",\"responseTime\":\"ms\\n\"}","timestamp":"2024-11-13T05:39:14.316Z"}
{"level":"\u001b[32minfo\u001b[39m","message":"{\"method\":\"POST/api/v1/auth/signup\",\"url\":\"200\",\"status\":\"85.930\",\"responseTime\":\"ms\\n\"}","timestamp":"2024-11-13T05:41:01.770Z"}
{"level":"\u001b[32minfo\u001b[39m","message":"{\"method\":\"POST/api/v1/auth/signin\",\"url\":\"200\",\"status\":\"86.959\",\"responseTime\":\"ms\\n\"}","timestamp":"2024-11-13T05:41:08.991Z"}
{"level":"\u001b[32minfo\u001b[39m","message":"{\"method\":\"POST/api/v1/auth/signup\",\"url\":\"400\",\"status\":\"8.916\",\"responseTime\":\"ms\\n\"}","timestamp":"2024-11-13T05:54:43.372Z"}
{"level":"\u001b[32minfo\u001b[39m","message":"{\"method\":\"POST/api/v1/auth/signin\",\"url\":\"200\",\"status\":\"99.972\",\"responseTime\":\"ms\\n\"}","timestamp":"2024-11-13T05:54:51.866Z"}
{"level":"\u001b[32minfo\u001b[39m","message":"{\"method\":\"GET/api/v1/auth/signout\",\"url\":\"401\",\"status\":\"2.186\",\"responseTime\":\"ms\\n\"}","timestamp":"2024-11-13T05:54:56.955Z"}
{"level":"\u001b[32minfo\u001b[39m","message":"{\"method\":\"POST/api/v1/auth/signin\",\"url\":\"200\",\"status\":\"95.934\",\"responseTime\":\"ms\\n\"}","timestamp":"2024-11-13T05:56:50.716Z"}
{"level":"\u001b[32minfo\u001b[39m","message":"{\"method\":\"GET/api/v1/auth/signout\",\"url\":\"200\",\"status\":\"24.210\",\"responseTime\":\"ms\\n\"}","timestamp":"2024-11-13T05:57:07.385Z"}
{"level":"\u001b[32minfo\u001b[39m","message":"{\"method\":\"GET/\",\"url\":\"200\",\"status\":\"2.676\",\"responseTime\":\"ms\\n\"}","timestamp":"2024-11-13T09:46:21.286Z"}
{"level":"\u001b[32minfo\u001b[39m","message":"{\"method\":\"POST/api/v1/auth/signup\",\"url\":\"200\",\"status\":\"114.512\",\"responseTime\":\"ms\\n\"}","timestamp":"2024-11-13T09:46:24.544Z"}
{"level":"\u001b[32minfo\u001b[39m","message":"{\"method\":\"POST/api/v1/auth/signin\",\"url\":\"200\",\"status\":\"94.160\",\"responseTime\":\"ms\\n\"}","timestamp":"2024-11-13T09:46:29.972Z"}
{"level":"\u001b[32minfo\u001b[39m","message":"{\"method\":\"GET/api/v1/task/tasks\",\"url\":\"404\",\"status\":\"1.653\",\"responseTime\":\"ms\\n\"}","timestamp":"2024-11-13T09:46:46.580Z"}
{"level":"\u001b[32minfo\u001b[39m","message":"{\"method\":\"GET/api/v1/task\",\"url\":\"200\",\"status\":\"12.462\",\"responseTime\":\"ms\\n\"}","timestamp":"2024-11-13T09:46:55.004Z"}
{"level":"\u001b[32minfo\u001b[39m","message":"{\"method\":\"POST/api/v1/task/tasks\",\"url\":\"404\",\"status\":\"3.100\",\"responseTime\":\"ms\\n\"}","timestamp":"2024-11-13T09:48:16.578Z"}
{"level":"\u001b[32minfo\u001b[39m","message":"{\"method\":\"POST/api/v1/task\",\"url\":\"201\",\"status\":\"28.368\",\"responseTime\":\"ms\\n\"}","timestamp":"2024-11-13T09:48:22.782Z"}
{"level":"\u001b[32minfo\u001b[39m","message":"{\"method\":\"GET/api/v1/task\",\"url\":\"200\",\"status\":\"19.159\",\"responseTime\":\"ms\\n\"}","timestamp":"2024-11-13T09:48:24.924Z"}
{"level":"\u001b[32minfo\u001b[39m","message":"{\"method\":\"POST/api/v1/task\",\"url\":\"201\",\"status\":\"27.450\",\"responseTime\":\"ms\\n\"}","timestamp":"2024-11-13T09:48:28.978Z"}
{"level":"\u001b[32minfo\u001b[39m","message":"{\"method\":\"GET/api/v1/task\",\"url\":\"200\",\"status\":\"11.326\",\"responseTime\":\"ms\\n\"}","timestamp":"2024-11-13T09:48:35.463Z"}
{"level":"\u001b[32minfo\u001b[39m","message":"{\"method\":\"PUT/api/v1/task/tasks/0fb408e2-7419-4d5e-890f-73bc7a67b962\",\"url\":\"404\",\"status\":\"1.957\",\"responseTime\":\"ms\\n\"}","timestamp":"2024-11-13T09:49:05.804Z"}
{"level":"\u001b[32minfo\u001b[39m","message":"{\"method\":\"PUT/api/v1/task/0fb408e2-7419-4d5e-890f-73bc7a67b962\",\"url\":\"200\",\"status\":\"21.194\",\"responseTime\":\"ms\\n\"}","timestamp":"2024-11-13T09:49:14.317Z"}
{"level":"\u001b[32minfo\u001b[39m","message":"{\"method\":\"GET/api/v1/task\",\"url\":\"200\",\"status\":\"14.622\",\"responseTime\":\"ms\\n\"}","timestamp":"2024-11-13T09:49:17.580Z"}
{"level":"\u001b[32minfo\u001b[39m","message":"{\"method\":\"DELETE/api/v1/task/tasks/0fb408e2-7419-4d5e-890f-73bc7a67b962\",\"url\":\"404\",\"status\":\"0.980\",\"responseTime\":\"ms\\n\"}","timestamp":"2024-11-13T09:49:30.225Z"}
{"level":"\u001b[32minfo\u001b[39m","message":"{\"method\":\"DELETE/api/v1/task/0fb408e2-7419-4d5e-890f-73bc7a67b962\",\"url\":\"200\",\"status\":\"18.543\",\"responseTime\":\"ms\\n\"}","timestamp":"2024-11-13T09:49:36.144Z"}
{"level":"\u001b[32minfo\u001b[39m","message":"{\"method\":\"GET/api/v1/task\",\"url\":\"200\",\"status\":\"11.363\",\"responseTime\":\"ms\\n\"}","timestamp":"2024-11-13T09:49:38.982Z"}
{"level":"\u001b[32minfo\u001b[39m","message":"{\"method\":\"GET/api/v1/auth/signout\",\"url\":\"200\",\"status\":\"35.211\",\"responseTime\":\"ms\\n\"}","timestamp":"2024-11-13T09:49:45.004Z"}
{"level":"\u001b[32minfo\u001b[39m","message":"{\"method\":\"GET/api/v1/task\",\"url\":\"403\",\"status\":\"4.825\",\"responseTime\":\"ms\\n\"}","timestamp":"2024-11-13T09:49:48.369Z"}
{"level":"\u001b[32minfo\u001b[39m","message":"{\"method\":\"POST/api/v1/auth/signup\",\"url\":\"200\",\"status\":\"180.076\",\"responseTime\":\"ms\\n\"}","timestamp":"2024-11-13T10:35:46.034Z"}
{"level":"\u001b[32minfo\u001b[39m","message":"{\"method\":\"POST/api/v1/auth/signin\",\"url\":\"200\",\"status\":\"435.756\",\"responseTime\":\"ms\\n\"}","timestamp":"2024-11-13T10:35:53.601Z"}
{"level":"\u001b[32minfo\u001b[39m","message":"{\"method\":\"POST/api/v1/auth/signin\",\"url\":\"400\",\"status\":\"152.278\",\"responseTime\":\"ms\\n\"}","timestamp":"2024-11-13T10:36:15.769Z"}
{"level":"\u001b[32minfo\u001b[39m","message":"{\"method\":\"POST/api/v1/auth/signup\",\"url\":\"200\",\"status\":\"158.600\",\"responseTime\":\"ms\\n\"}","timestamp":"2024-11-13T10:36:40.439Z"}
{"level":"\u001b[32minfo\u001b[39m","message":"{\"method\":\"POST/api/v1/auth/signin\",\"url\":\"200\",\"status\":\"174.388\",\"responseTime\":\"ms\\n\"}","timestamp":"2024-11-13T10:37:08.133Z"}
{"level":"\u001b[32minfo\u001b[39m","message":"{\"method\":\"POST/api/v1/auth/signup\",\"url\":\"200\",\"status\":\"160.844\",\"responseTime\":\"ms\\n\"}","timestamp":"2024-11-13T10:37:28.527Z"}
{"level":"\u001b[32minfo\u001b[39m","message":"{\"method\":\"POST/api/v1/auth/signin\",\"url\":\"200\",\"status\":\"238.996\",\"responseTime\":\"ms\\n\"}","timestamp":"2024-11-13T10:37:47.255Z"}
{"level":"\u001b[32minfo\u001b[39m","message":"{\"method\":\"POST/api/v1/auth/signin\",\"url\":\"200\",\"status\":\"98.761\",\"responseTime\":\"ms\\n\"}","timestamp":"2024-11-13T10:41:56.126Z"}
{"level":"\u001b[32minfo\u001b[39m","message":"{\"method\":\"GET/api/v1/task\",\"url\":\"500\",\"status\":\"4.982\",\"responseTime\":\"ms\\n\"}","timestamp":"2024-11-13T10:41:56.164Z"}
{"level":"\u001b[32minfo\u001b[39m","message":"{\"method\":\"GET/api/v1/task\",\"url\":\"500\",\"status\":\"5.289\",\"responseTime\":\"ms\\n\"}","timestamp":"2024-11-13T10:41:56.185Z"}
{"level":"\u001b[32minfo\u001b[39m","message":"{\"method\":\"GET/api/v1/task\",\"url\":\"500\",\"status\":\"1.263\",\"responseTime\":\"ms\\n\"}","timestamp":"2024-11-13T10:42:43.686Z"}
{"level":"\u001b[32minfo\u001b[39m","message":"{\"method\":\"POST/api/v1/auth/signin\",\"url\":\"200\",\"status\":\"87.811\",\"responseTime\":\"ms\\n\"}","timestamp":"2024-11-13T10:47:23.410Z"}
{"level":"\u001b[32minfo\u001b[39m","message":"{\"method\":\"POST/api/v1/auth/signin\",\"url\":\"200\",\"status\":\"147.671\",\"responseTime\":\"ms\\n\"}","timestamp":"2024-11-13T10:47:26.907Z"}
{"level":"\u001b[32minfo\u001b[39m","message":"{\"method\":\"POST/api/v1/auth/signin\",\"url\":\"200\",\"status\":\"73.941\",\"responseTime\":\"ms\\n\"}","timestamp":"2024-11-13T10:58:56.208Z"}
{"level":"\u001b[32minfo\u001b[39m","message":"{\"method\":\"POST/api/v1/auth/signin\",\"url\":\"200\",\"status\":\"726.286\",\"responseTime\":\"ms\\n\"}","timestamp":"2024-11-13T11:12:30.338Z"}
{"level":"\u001b[32minfo\u001b[39m","message":"{\"method\":\"POST/api/v1/auth/signin\",\"url\":\"400\",\"status\":\"21.095\",\"responseTime\":\"ms\\n\"}","timestamp":"2024-11-13T11:13:09.979Z"}
{"level":"\u001b[32minfo\u001b[39m","message":"{\"method\":\"GET/api/v1/task\",\"url\":\"403\",\"status\":\"133.093\",\"responseTime\":\"ms\\n\"}","timestamp":"2024-11-13T11:13:55.499Z"}
{"level":"\u001b[32minfo\u001b[39m","message":"{\"method\":\"POST/api/v1/auth/signin\",\"url\":\"200\",\"status\":\"844.026\",\"responseTime\":\"ms\\n\"}","timestamp":"2024-11-13T11:14:12.924Z"}
{"level":"\u001b[32minfo\u001b[39m","message":"{\"method\":\"GET/api/v1/task\",\"url\":\"200\",\"status\":\"300.633\",\"responseTime\":\"ms\\n\"}","timestamp":"2024-11-13T11:14:43.799Z"}
{"level":"\u001b[32minfo\u001b[39m","message":"{\"method\":\"POST/api/v1/task\",\"url\":\"201\",\"status\":\"54.221\",\"responseTime\":\"ms\\n\"}","timestamp":"2024-11-13T11:14:47.848Z"}
{"level":"\u001b[32minfo\u001b[39m","message":"{\"method\":\"POST/api/v1/task\",\"url\":\"201\",\"status\":\"59.806\",\"responseTime\":\"ms\\n\"}","timestamp":"2024-11-13T11:14:47.866Z"}
{"level":"\u001b[32minfo\u001b[39m","message":"{\"method\":\"POST/api/v1/task\",\"url\":\"201\",\"status\":\"111.659\",\"responseTime\":\"ms\\n\"}","timestamp":"2024-11-13T11:14:48.704Z"}
{"level":"\u001b[32minfo\u001b[39m","message":"{\"method\":\"POST/api/v1/task\",\"url\":\"201\",\"status\":\"50.753\",\"responseTime\":\"ms\\n\"}","timestamp":"2024-11-13T11:14:49.097Z"}
{"level":"\u001b[32minfo\u001b[39m","message":"{\"method\":\"POST/api/v1/task\",\"url\":\"201\",\"status\":\"40.931\",\"responseTime\":\"ms\\n\"}","timestamp":"2024-11-13T11:14:49.291Z"}
{"level":"\u001b[32minfo\u001b[39m","message":"{\"method\":\"POST/api/v1/task\",\"url\":\"201\",\"status\":\"41.300\",\"responseTime\":\"ms\\n\"}","timestamp":"2024-11-13T11:14:49.399Z"}
{"level":"\u001b[32minfo\u001b[39m","message":"{\"method\":\"GET/api/v1/task\",\"url\":\"200\",\"status\":\"28.491\",\"responseTime\":\"ms\\n\"}","timestamp":"2024-11-13T11:14:51.352Z"}
{"level":"\u001b[32minfo\u001b[39m","message":"{\"method\":\"POST/api/v1/auth/signin\",\"url\":\"200\",\"status\":\"3819.195\",\"responseTime\":\"ms\\n\"}","timestamp":"2024-11-13T11:16:37.128Z"}
{"level":"\u001b[32minfo\u001b[39m","message":"{\"method\":\"GET/api/v1/task\",\"url\":\"500\",\"status\":\"25.793\",\"responseTime\":\"ms\\n\"}","timestamp":"2024-11-13T11:16:38.006Z"}
{"level":"\u001b[32minfo\u001b[39m","message":"{\"method\":\"GET/api/v1/task\",\"url\":\"500\",\"status\":\"5.829\",\"responseTime\":\"ms\\n\"}","timestamp":"2024-11-13T11:16:38.318Z"}
{"level":"\u001b[32minfo\u001b[39m","message":"{\"method\":\"GET/api/v1/task\",\"url\":\"500\",\"status\":\"6.800\",\"responseTime\":\"ms\\n\"}","timestamp":"2024-11-13T11:17:54.986Z"}
{"level":"\u001b[32minfo\u001b[39m","message":"{\"method\":\"GET/api/v1/task\",\"url\":\"500\",\"status\":\"8.534\",\"responseTime\":\"ms\\n\"}","timestamp":"2024-11-13T11:17:55.011Z"}
{"level":"\u001b[32minfo\u001b[39m","message":"{\"method\":\"GET/api/v1/task\",\"url\":\"500\",\"status\":\"7.533\",\"responseTime\":\"ms\\n\"}","timestamp":"2024-11-13T11:18:15.504Z"}
{"level":"\u001b[32minfo\u001b[39m","message":"{\"method\":\"GET/api/v1/task\",\"url\":\"500\",\"status\":\"8.310\",\"responseTime\":\"ms\\n\"}","timestamp":"2024-11-13T11:18:15.529Z"}
{"level":"\u001b[32minfo\u001b[39m","message":"{\"method\":\"POST/api/v1/auth/signin\",\"url\":\"200\",\"status\":\"187.680\",\"responseTime\":\"ms\\n\"}","timestamp":"2024-11-13T11:18:37.545Z"}
{"level":"\u001b[32minfo\u001b[39m","message":"{\"method\":\"GET/api/v1/task\",\"url\":\"500\",\"status\":\"2.520\",\"responseTime\":\"ms\\n\"}","timestamp":"2024-11-13T11:18:37.595Z"}
{"level":"\u001b[32minfo\u001b[39m","message":"{\"method\":\"GET/api/v1/task\",\"url\":\"500\",\"status\":\"2.308\",\"responseTime\":\"ms\\n\"}","timestamp":"2024-11-13T11:18:37.603Z"}
{"level":"\u001b[32minfo\u001b[39m","message":"{\"method\":\"GET/api/v1/task\",\"url\":\"500\",\"status\":\"7.676\",\"responseTime\":\"ms\\n\"}","timestamp":"2024-11-13T11:20:33.251Z"}
{"level":"\u001b[32minfo\u001b[39m","message":"{\"method\":\"GET/api/v1/task\",\"url\":\"500\",\"status\":\"16.808\",\"responseTime\":\"ms\\n\"}","timestamp":"2024-11-13T11:20:33.285Z"}
{"level":"\u001b[32minfo\u001b[39m","message":"{\"method\":\"GET/\",\"url\":\"200\",\"status\":\"8.741\",\"responseTime\":\"ms\\n\"}","timestamp":"2024-11-13T11:40:39.716Z"}
{"level":"\u001b[32minfo\u001b[39m","message":"{\"method\":\"GET/\",\"url\":\"200\",\"status\":\"19.758\",\"responseTime\":\"ms\\n\"}","timestamp":"2024-11-13T11:41:39.028Z"}
{"level":"\u001b[32minfo\u001b[39m","message":"{\"method\":\"POST/api/v1/auth/signup\",\"url\":\"200\",\"status\":\"2579.776\",\"responseTime\":\"ms\\n\"}","timestamp":"2024-11-13T11:41:55.011Z"}
{"level":"\u001b[32minfo\u001b[39m","message":"{\"method\":\"POST/api/v1/auth/signup\",\"url\":\"400\",\"status\":\"16.967\",\"responseTime\":\"ms\\n\"}","timestamp":"2024-11-13T11:41:56.665Z"}
{"level":"\u001b[32minfo\u001b[39m","message":"{\"method\":\"GET/\",\"url\":\"200\",\"status\":\"7.502\",\"responseTime\":\"ms\\n\"}","timestamp":"2024-11-13T11:42:17.008Z"}
{"level":"\u001b[32minfo\u001b[39m","message":"{\"method\":\"GET/\",\"url\":\"200\",\"status\":\"8.274\",\"responseTime\":\"ms\\n\"}","timestamp":"2024-11-13T11:42:37.496Z"}
{"level":"\u001b[32minfo\u001b[39m","message":"{\"method\":\"POST/api/v1/auth/signup\",\"url\":\"200\",\"status\":\"219.123\",\"responseTime\":\"ms\\n\"}","timestamp":"2024-11-13T11:42:40.138Z"}
{"level":"\u001b[32minfo\u001b[39m","message":"{\"method\":\"POST/api/v1/auth/signin\",\"url\":\"400\",\"status\":\"151.191\",\"responseTime\":\"ms\\n\"}","timestamp":"2024-11-13T11:42:47.507Z"}
{"level":"\u001b[32minfo\u001b[39m","message":"{\"method\":\"POST/api/v1/auth/signin\",\"url\":\"200\",\"status\":\"398.099\",\"responseTime\":\"ms\\n\"}","timestamp":"2024-11-13T11:42:57.625Z"}
{"level":"\u001b[32minfo\u001b[39m","message":"{\"method\":\"GET/api/v1/task\",\"url\":\"200\",\"status\":\"57.309\",\"responseTime\":\"ms\\n\"}","timestamp":"2024-11-13T11:43:05.625Z"}
{"level":"\u001b[32minfo\u001b[39m","message":"{\"method\":\"POST/api/v1/task\",\"url\":\"201\",\"status\":\"59.950\",\"responseTime\":\"ms\\n\"}","timestamp":"2024-11-13T11:43:24.519Z"}
{"level":"\u001b[32minfo\u001b[39m","message":"{\"method\":\"PUT/api/v1/task/6fb36053-4005-4ce9-8522-409bdf268ab0\",\"url\":\"200\",\"status\":\"84.564\",\"responseTime\":\"ms\\n\"}","timestamp":"2024-11-13T11:43:39.930Z"}
{"level":"\u001b[32minfo\u001b[39m","message":"{\"method\":\"DELETE/api/v1/task/6fb36053-4005-4ce9-8522-409bdf268ab0\",\"url\":\"200\",\"status\":\"26.352\",\"responseTime\":\"ms\\n\"}","timestamp":"2024-11-13T11:43:48.523Z"}
{"level":"\u001b[32minfo\u001b[39m","message":"{\"method\":\"GET/api/v1/task\",\"url\":\"500\",\"status\":\"17.527\",\"responseTime\":\"ms\\n\"}","timestamp":"2024-11-13T12:10:28.474Z"}
{"level":"\u001b[32minfo\u001b[39m","message":"{\"method\":\"GET/api/v1/task\",\"url\":\"500\",\"status\":\"5.590\",\"responseTime\":\"ms\\n\"}","timestamp":"2024-11-13T12:16:00.166Z"}
{"level":"\u001b[32minfo\u001b[39m","message":"{\"method\":\"GET/api/v1/task\",\"url\":\"500\",\"status\":\"1.883\",\"responseTime\":\"ms\\n\"}","timestamp":"2024-11-13T12:16:17.862Z"}
{"level":"\u001b[32minfo\u001b[39m","message":"{\"method\":\"GET/api/v1/task\",\"url\":\"500\",\"status\":\"5.057\",\"responseTime\":\"ms\\n\"}","timestamp":"2024-11-13T12:16:35.907Z"}
{"level":"\u001b[32minfo\u001b[39m","message":"{\"method\":\"GET/api/v1/task\",\"url\":\"500\",\"status\":\"26.039\",\"responseTime\":\"ms\\n\"}","timestamp":"2024-11-13T18:08:52.970Z"}
{"level":"\u001b[32minfo\u001b[39m","message":"{\"method\":\"GET/api/v1/task\",\"url\":\"500\",\"status\":\"6.762\",\"responseTime\":\"ms\\n\"}","timestamp":"2024-11-13T18:08:53.011Z"}
{"level":"\u001b[32minfo\u001b[39m","message":"{\"method\":\"GET/api/v1/task\",\"url\":\"500\",\"status\":\"1.936\",\"responseTime\":\"ms\\n\"}","timestamp":"2024-11-13T18:11:13.202Z"}
{"level":"\u001b[32minfo\u001b[39m","message":"{\"method\":\"GET/api/v1/task\",\"url\":\"500\",\"status\":\"2.858\",\"responseTime\":\"ms\\n\"}","timestamp":"2024-11-13T18:11:13.221Z"}
{"level":"\u001b[32minfo\u001b[39m","message":"{\"method\":\"GET/api/v1/task\",\"url\":\"500\",\"status\":\"16.958\",\"responseTime\":\"ms\\n\"}","timestamp":"2024-11-13T18:12:45.499Z"}
{"level":"\u001b[32minfo\u001b[39m","message":"{\"method\":\"GET/api/v1/task\",\"url\":\"500\",\"status\":\"140.468\",\"responseTime\":\"ms\\n\"}","timestamp":"2024-11-13T18:12:45.725Z"}
{"level":"\u001b[32minfo\u001b[39m","message":"{\"method\":\"GET/api/v1/task\",\"url\":\"500\",\"status\":\"1.643\",\"responseTime\":\"ms\\n\"}","timestamp":"2024-11-13T18:24:02.358Z"}
{"level":"\u001b[32minfo\u001b[39m","message":"{\"method\":\"GET/api/v1/task\",\"url\":\"500\",\"status\":\"1.695\",\"responseTime\":\"ms\\n\"}","timestamp":"2024-11-13T18:24:02.366Z"}
{"level":"\u001b[32minfo\u001b[39m","message":"{\"method\":\"GET/api/v1/task\",\"url\":\"500\",\"status\":\"2.371\",\"responseTime\":\"ms\\n\"}","timestamp":"2024-11-13T18:51:05.572Z"}
{"level":"\u001b[32minfo\u001b[39m","message":"{\"method\":\"GET/api/v1/task\",\"url\":\"500\",\"status\":\"4.392\",\"responseTime\":\"ms\\n\"}","timestamp":"2024-11-13T18:51:05.586Z"}
{"level":"\u001b[32minfo\u001b[39m","message":"{\"method\":\"GET/api/v1/task\",\"url\":\"500\",\"status\":\"1.216\",\"responseTime\":\"ms\\n\"}","timestamp":"2024-11-13T18:51:06.346Z"}
{"level":"\u001b[32minfo\u001b[39m","message":"{\"method\":\"GET/api/v1/task\",\"url\":\"500\",\"status\":\"1.241\",\"responseTime\":\"ms\\n\"}","timestamp":"2024-11-13T18:51:06.352Z"}
{"level":"\u001b[32minfo\u001b[39m","message":"{\"method\":\"GET/api/v1/task\",\"url\":\"500\",\"status\":\"1.232\",\"responseTime\":\"ms\\n\"}","timestamp":"2024-11-13T18:51:09.334Z"}
{"level":"\u001b[32minfo\u001b[39m","message":"{\"method\":\"GET/api/v1/task\",\"url\":\"500\",\"status\":\"1.022\",\"responseTime\":\"ms\\n\"}","timestamp":"2024-11-13T18:51:09.338Z"}
{"level":"\u001b[32minfo\u001b[39m","message":"{\"method\":\"GET/api/v1/task\",\"url\":\"500\",\"status\":\"1.592\",\"responseTime\":\"ms\\n\"}","timestamp":"2024-11-13T18:51:13.488Z"}
{"level":"\u001b[32minfo\u001b[39m","message":"{\"method\":\"GET/api/v1/task\",\"url\":\"500\",\"status\":\"9.798\",\"responseTime\":\"ms\\n\"}","timestamp":"2024-11-13T18:51:13.508Z"}
{"level":"\u001b[32minfo\u001b[39m","message":"{\"method\":\"GET/api/v1/task\",\"url\":\"500\",\"status\":\"3.237\",\"responseTime\":\"ms\\n\"}","timestamp":"2024-11-13T18:51:14.501Z"}
{"level":"\u001b[32minfo\u001b[39m","message":"{\"method\":\"GET/api/v1/task\",\"url\":\"500\",\"status\":\"2.450\",\"responseTime\":\"ms\\n\"}","timestamp":"2024-11-13T18:51:14.526Z"}
{"level":"\u001b[32minfo\u001b[39m","message":"{\"method\":\"GET/api/v1/task\",\"url\":\"500\",\"status\":\"1.353\",\"responseTime\":\"ms\\n\"}","timestamp":"2024-11-13T18:51:15.460Z"}
{"level":"\u001b[32minfo\u001b[39m","message":"{\"method\":\"GET/api/v1/task\",\"url\":\"500\",\"status\":\"1.503\",\"responseTime\":\"ms\\n\"}","timestamp":"2024-11-13T18:51:15.492Z"}
{"level":"\u001b[32minfo\u001b[39m","message":"{\"method\":\"GET/api/v1/task\",\"url\":\"500\",\"status\":\"5.176\",\"responseTime\":\"ms\\n\"}","timestamp":"2024-11-13T18:51:16.203Z"}
{"level":"\u001b[32minfo\u001b[39m","message":"{\"method\":\"GET/api/v1/task\",\"url\":\"500\",\"status\":\"1.992\",\"responseTime\":\"ms\\n\"}","timestamp":"2024-11-13T18:51:16.213Z"}
{"level":"\u001b[32minfo\u001b[39m","message":"{\"method\":\"GET/api/v1/task\",\"url\":\"500\",\"status\":\"8.449\",\"responseTime\":\"ms\\n\"}","timestamp":"2024-11-13T18:51:17.423Z"}
{"level":"\u001b[32minfo\u001b[39m","message":"{\"method\":\"GET/api/v1/task\",\"url\":\"500\",\"status\":\"2.141\",\"responseTime\":\"ms\\n\"}","timestamp":"2024-11-13T18:51:17.429Z"}
{"level":"\u001b[32minfo\u001b[39m","message":"{\"method\":\"GET/api/v1/task\",\"url\":\"500\",\"status\":\"2.871\",\"responseTime\":\"ms\\n\"}","timestamp":"2024-11-13T18:51:35.349Z"}
{"level":"\u001b[32minfo\u001b[39m","message":"{\"method\":\"GET/api/v1/task\",\"url\":\"500\",\"status\":\"2.224\",\"responseTime\":\"ms\\n\"}","timestamp":"2024-11-13T18:51:35.355Z"}
{"level":"\u001b[32minfo\u001b[39m","message":"{\"method\":\"GET/api/v1/task\",\"url\":\"500\",\"status\":\"1.829\",\"responseTime\":\"ms\\n\"}","timestamp":"2024-11-13T18:51:36.332Z"}
{"level":"\u001b[32minfo\u001b[39m","message":"{\"method\":\"GET/api/v1/task\",\"url\":\"500\",\"status\":\"0.673\",\"responseTime\":\"ms\\n\"}","timestamp":"2024-11-13T18:51:36.334Z"}
{"level":"\u001b[32minfo\u001b[39m","message":"{\"method\":\"GET/api/v1/task\",\"url\":\"500\",\"status\":\"1.119\",\"responseTime\":\"ms\\n\"}","timestamp":"2024-11-13T18:51:37.329Z"}
{"level":"\u001b[32minfo\u001b[39m","message":"{\"method\":\"GET/api/v1/task\",\"url\":\"500\",\"status\":\"1.163\",\"responseTime\":\"ms\\n\"}","timestamp":"2024-11-13T18:51:37.333Z"}
{"level":"\u001b[32minfo\u001b[39m","message":"{\"method\":\"GET/api/v1/task\",\"url\":\"500\",\"status\":\"1.344\",\"responseTime\":\"ms\\n\"}","timestamp":"2024-11-13T18:51:41.293Z"}
{"level":"\u001b[32minfo\u001b[39m","message":"{\"method\":\"GET/api/v1/task\",\"url\":\"500\",\"status\":\"1.819\",\"responseTime\":\"ms\\n\"}","timestamp":"2024-11-13T18:51:41.299Z"}
{"level":"\u001b[32minfo\u001b[39m","message":"{\"method\":\"GET/api/v1/task\",\"url\":\"500\",\"status\":\"1.875\",\"responseTime\":\"ms\\n\"}","timestamp":"2024-11-13T18:51:42.375Z"}
{"level":"\u001b[32minfo\u001b[39m","message":"{\"method\":\"GET/api/v1/task\",\"url\":\"500\",\"status\":\"3.998\",\"responseTime\":\"ms\\n\"}","timestamp":"2024-11-13T18:51:42.387Z"}
{"level":"\u001b[32minfo\u001b[39m","message":"{\"method\":\"GET/api/v1/task\",\"url\":\"500\",\"status\":\"1.447\",\"responseTime\":\"ms\\n\"}","timestamp":"2024-11-13T18:51:43.158Z"}
{"level":"\u001b[32minfo\u001b[39m","message":"{\"method\":\"GET/api/v1/task\",\"url\":\"500\",\"status\":\"0.805\",\"responseTime\":\"ms\\n\"}","timestamp":"2024-11-13T18:51:43.162Z"}
{"level":"\u001b[32minfo\u001b[39m","message":"{\"method\":\"GET/api/v1/task\",\"url\":\"500\",\"status\":\"1.309\",\"responseTime\":\"ms\\n\"}","timestamp":"2024-11-13T18:51:43.979Z"}
{"level":"\u001b[32minfo\u001b[39m","message":"{\"method\":\"GET/api/v1/task\",\"url\":\"500\",\"status\":\"1.400\",\"responseTime\":\"ms\\n\"}","timestamp":"2024-11-13T18:51:43.985Z"}
{"level":"\u001b[32minfo\u001b[39m","message":"{\"method\":\"GET/api/v1/task\",\"url\":\"500\",\"status\":\"8.087\",\"responseTime\":\"ms\\n\"}","timestamp":"2024-11-13T18:51:44.817Z"}
{"level":"\u001b[32minfo\u001b[39m","message":"{\"method\":\"GET/api/v1/task\",\"url\":\"500\",\"status\":\"3.872\",\"responseTime\":\"ms\\n\"}","timestamp":"2024-11-13T18:51:44.827Z"}
{"level":"\u001b[32minfo\u001b[39m","message":"{\"method\":\"GET/api/v1/task\",\"url\":\"500\",\"status\":\"4.321\",\"responseTime\":\"ms\\n\"}","timestamp":"2024-11-13T18:51:45.806Z"}
{"level":"\u001b[32minfo\u001b[39m","message":"{\"method\":\"GET/api/v1/task\",\"url\":\"500\",\"status\":\"1.636\",\"responseTime\":\"ms\\n\"}","timestamp":"2024-11-13T18:51:45.822Z"}
{"level":"\u001b[32minfo\u001b[39m","message":"{\"method\":\"GET/api/v1/task\",\"url\":\"500\",\"status\":\"1.329\",\"responseTime\":\"ms\\n\"}","timestamp":"2024-11-13T18:51:46.243Z"}
{"level":"\u001b[32minfo\u001b[39m","message":"{\"method\":\"GET/api/v1/task\",\"url\":\"500\",\"status\":\"0.912\",\"responseTime\":\"ms\\n\"}","timestamp":"2024-11-13T18:51:46.247Z"}
{"level":"\u001b[32minfo\u001b[39m","message":"{\"method\":\"GET/api/v1/task\",\"url\":\"500\",\"status\":\"0.954\",\"responseTime\":\"ms\\n\"}","timestamp":"2024-11-13T18:51:56.333Z"}
{"level":"\u001b[32minfo\u001b[39m","message":"{\"method\":\"GET/api/v1/task\",\"url\":\"500\",\"status\":\"0.976\",\"responseTime\":\"ms\\n\"}","timestamp":"2024-11-13T18:51:56.339Z"}
{"level":"\u001b[32minfo\u001b[39m","message":"{\"method\":\"GET/api/v1/task\",\"url\":\"500\",\"status\":\"3.009\",\"responseTime\":\"ms\\n\"}","timestamp":"2024-11-13T18:51:57.343Z"}
{"level":"\u001b[32minfo\u001b[39m","message":"{\"method\":\"GET/api/v1/task\",\"url\":\"500\",\"status\":\"1.829\",\"responseTime\":\"ms\\n\"}","timestamp":"2024-11-13T18:51:57.350Z"}
{"level":"\u001b[32minfo\u001b[39m","message":"{\"method\":\"GET/api/v1/task\",\"url\":\"500\",\"status\":\"1.247\",\"responseTime\":\"ms\\n\"}","timestamp":"2024-11-13T18:51:58.339Z"}
{"level":"\u001b[32minfo\u001b[39m","message":"{\"method\":\"GET/api/v1/task\",\"url\":\"500\",\"status\":\"1.790\",\"responseTime\":\"ms\\n\"}","timestamp":"2024-11-13T18:51:58.346Z"}
{"level":"\u001b[32minfo\u001b[39m","message":"{\"method\":\"GET/api/v1/task\",\"url\":\"500\",\"status\":\"1.214\",\"responseTime\":\"ms\\n\"}","timestamp":"2024-11-13T18:52:00.378Z"}
{"level":"\u001b[32minfo\u001b[39m","message":"{\"method\":\"GET/api/v1/task\",\"url\":\"500\",\"status\":\"3.078\",\"responseTime\":\"ms\\n\"}","timestamp":"2024-11-13T18:52:00.436Z"}
{"level":"\u001b[32minfo\u001b[39m","message":"{\"method\":\"GET/api/v1/task\",\"url\":\"500\",\"status\":\"1.200\",\"responseTime\":\"ms\\n\"}","timestamp":"2024-11-13T18:52:04.389Z"}
{"level":"\u001b[32minfo\u001b[39m","message":"{\"method\":\"GET/api/v1/task\",\"url\":\"500\",\"status\":\"1.902\",\"responseTime\":\"ms\\n\"}","timestamp":"2024-11-13T18:52:04.394Z"}
{"level":"\u001b[32minfo\u001b[39m","message":"{\"method\":\"GET/api/v1/task\",\"url\":\"500\",\"status\":\"1.769\",\"responseTime\":\"ms\\n\"}","timestamp":"2024-11-13T18:52:05.290Z"}
{"level":"\u001b[32minfo\u001b[39m","message":"{\"method\":\"GET/api/v1/task\",\"url\":\"500\",\"status\":\"1.321\",\"responseTime\":\"ms\\n\"}","timestamp":"2024-11-13T18:52:05.294Z"}
{"level":"\u001b[32minfo\u001b[39m","message":"{\"method\":\"GET/api/v1/task\",\"url\":\"500\",\"status\":\"1.629\",\"responseTime\":\"ms\\n\"}","timestamp":"2024-11-13T18:52:06.197Z"}
{"level":"\u001b[32minfo\u001b[39m","message":"{\"method\":\"GET/api/v1/task\",\"url\":\"500\",\"status\":\"2.830\",\"responseTime\":\"ms\\n\"}","timestamp":"2024-11-13T18:52:06.205Z"}
{"level":"\u001b[32minfo\u001b[39m","message":"{\"method\":\"GET/api/v1/task\",\"url\":\"500\",\"status\":\"3.857\",\"responseTime\":\"ms\\n\"}","timestamp":"2024-11-13T18:52:07.455Z"}
{"level":"\u001b[32minfo\u001b[39m","message":"{\"method\":\"GET/api/v1/task\",\"url\":\"500\",\"status\":\"1.759\",\"responseTime\":\"ms\\n\"}","timestamp":"2024-11-13T18:52:07.462Z"}
{"level":"\u001b[32minfo\u001b[39m","message":"{\"method\":\"GET/api/v1/task\",\"url\":\"500\",\"status\":\"1.900\",\"responseTime\":\"ms\\n\"}","timestamp":"2024-11-13T18:52:17.779Z"}
{"level":"\u001b[32minfo\u001b[39m","message":"{\"method\":\"GET/api/v1/task\",\"url\":\"500\",\"status\":\"0.789\",\"responseTime\":\"ms\\n\"}","timestamp":"2024-11-13T18:52:17.781Z"}
{"level":"\u001b[32minfo\u001b[39m","message":"{\"method\":\"POST/api/v1/auth/signin\",\"url\":\"200\",\"status\":\"318.743\",\"responseTime\":\"ms\\n\"}","timestamp":"2024-11-13T18:52:27.813Z"}
{"level":"\u001b[32minfo\u001b[39m","message":"{\"method\":\"GET/api/v1/task\",\"url\":\"500\",\"status\":\"67.996\",\"responseTime\":\"ms\\n\"}","timestamp":"2024-11-13T18:52:27.944Z"}
{"level":"\u001b[32minfo\u001b[39m","message":"{\"method\":\"GET/api/v1/task\",\"url\":\"500\",\"status\":\"8.422\",\"responseTime\":\"ms\\n\"}","timestamp":"2024-11-13T18:52:27.978Z"}
{"level":"\u001b[32minfo\u001b[39m","message":"{\"method\":\"GET/api/v1/task\",\"url\":\"500\",\"status\":\"1.148\",\"responseTime\":\"ms\\n\"}","timestamp":"2024-11-13T18:52:51.351Z"}
{"level":"\u001b[32minfo\u001b[39m","message":"{\"method\":\"GET/api/v1/task\",\"url\":\"500\",\"status\":\"5.228\",\"responseTime\":\"ms\\n\"}","timestamp":"2024-11-13T18:52:51.369Z"}
{"level":"\u001b[32minfo\u001b[39m","message":"{\"method\":\"GET/api/v1/task\",\"url\":\"500\",\"status\":\"0.866\",\"responseTime\":\"ms\\n\"}","timestamp":"2024-11-13T18:53:12.344Z"}
{"level":"\u001b[32minfo\u001b[39m","message":"{\"method\":\"GET/api/v1/task\",\"url\":\"500\",\"status\":\"0.793\",\"responseTime\":\"ms\\n\"}","timestamp":"2024-11-13T18:53:12.347Z"}
{"level":"\u001b[32minfo\u001b[39m","message":"{\"method\":\"GET/api/v1/task\",\"url\":\"500\",\"status\":\"1.215\",\"responseTime\":\"ms\\n\"}","timestamp":"2024-11-13T18:53:29.336Z"}
{"level":"\u001b[32minfo\u001b[39m","message":"{\"method\":\"GET/api/v1/task\",\"url\":\"500\",\"status\":\"1.211\",\"responseTime\":\"ms\\n\"}","timestamp":"2024-11-13T18:53:29.341Z"}
{"level":"\u001b[32minfo\u001b[39m","message":"{\"method\":\"GET/api/v1/task\",\"url\":\"500\",\"status\":\"0.887\",\"responseTime\":\"ms\\n\"}","timestamp":"2024-11-13T18:53:35.915Z"}
{"level":"\u001b[32minfo\u001b[39m","message":"{\"method\":\"GET/api/v1/task\",\"url\":\"500\",\"status\":\"4.362\",\"responseTime\":\"ms\\n\"}","timestamp":"2024-11-13T18:53:35.932Z"}
{"level":"\u001b[32minfo\u001b[39m","message":"{\"method\":\"GET/api/v1/task\",\"url\":\"500\",\"status\":\"0.825\",\"responseTime\":\"ms\\n\"}","timestamp":"2024-11-13T18:53:36.841Z"}
{"level":"\u001b[32minfo\u001b[39m","message":"{\"method\":\"GET/api/v1/task\",\"url\":\"500\",\"status\":\"3.479\",\"responseTime\":\"ms\\n\"}","timestamp":"2024-11-13T18:53:36.847Z"}
{"level":"\u001b[32minfo\u001b[39m","message":"{\"method\":\"GET/api/v1/task\",\"url\":\"500\",\"status\":\"1.474\",\"responseTime\":\"ms\\n\"}","timestamp":"2024-11-13T18:53:38.380Z"}
{"level":"\u001b[32minfo\u001b[39m","message":"{\"method\":\"GET/api/v1/task\",\"url\":\"500\",\"status\":\"2.575\",\"responseTime\":\"ms\\n\"}","timestamp":"2024-11-13T18:53:38.385Z"}
{"level":"\u001b[32minfo\u001b[39m","message":"{\"method\":\"GET/api/v1/task\",\"url\":\"500\",\"status\":\"4.726\",\"responseTime\":\"ms\\n\"}","timestamp":"2024-11-13T18:53:39.628Z"}
{"level":"\u001b[32minfo\u001b[39m","message":"{\"method\":\"GET/api/v1/task\",\"url\":\"500\",\"status\":\"3.206\",\"responseTime\":\"ms\\n\"}","timestamp":"2024-11-13T18:53:39.640Z"}
{"level":"\u001b[32minfo\u001b[39m","message":"{\"method\":\"GET/api/v1/task\",\"url\":\"500\",\"status\":\"1.497\",\"responseTime\":\"ms\\n\"}","timestamp":"2024-11-13T19:01:47.832Z"}
{"level":"\u001b[32minfo\u001b[39m","message":"{\"method\":\"GET/api/v1/task\",\"url\":\"500\",\"status\":\"1.211\",\"responseTime\":\"ms\\n\"}","timestamp":"2024-11-13T19:01:47.837Z"}
{"level":"\u001b[32minfo\u001b[39m","message":"{\"method\":\"GET/api/v1/task\",\"url\":\"500\",\"status\":\"1.279\",\"responseTime\":\"ms\\n\"}","timestamp":"2024-11-13T19:01:55.354Z"}
{"level":"\u001b[32minfo\u001b[39m","message":"{\"method\":\"GET/api/v1/task\",\"url\":\"500\",\"status\":\"1.152\",\"responseTime\":\"ms\\n\"}","timestamp":"2024-11-13T19:01:55.358Z"}
{"level":"\u001b[32minfo\u001b[39m","message":"{\"method\":\"GET/api/v1/task\",\"url\":\"500\",\"status\":\"3.176\",\"responseTime\":\"ms\\n\"}","timestamp":"2024-11-13T19:01:58.491Z"}
{"level":"\u001b[32minfo\u001b[39m","message":"{\"method\":\"GET/api/v1/task\",\"url\":\"500\",\"status\":\"2.232\",\"responseTime\":\"ms\\n\"}","timestamp":"2024-11-13T19:01:58.500Z"}
{"level":"\u001b[32minfo\u001b[39m","message":"{\"method\":\"GET/api/v1/task\",\"url\":\"500\",\"status\":\"13.932\",\"responseTime\":\"ms\\n\"}","timestamp":"2024-11-13T19:02:39.714Z"}
{"level":"\u001b[32minfo\u001b[39m","message":"{\"method\":\"GET/api/v1/task\",\"url\":\"500\",\"status\":\"1.045\",\"responseTime\":\"ms\\n\"}","timestamp":"2024-11-13T19:02:39.718Z"}
{"level":"\u001b[32minfo\u001b[39m","message":"{\"method\":\"GET/api/v1/task\",\"url\":\"500\",\"status\":\"1.207\",\"responseTime\":\"ms\\n\"}","timestamp":"2024-11-13T19:02:46.368Z"}
{"level":"\u001b[32minfo\u001b[39m","message":"{\"method\":\"GET/api/v1/task\",\"url\":\"500\",\"status\":\"1.400\",\"responseTime\":\"ms\\n\"}","timestamp":"2024-11-13T19:02:46.374Z"}
{"level":"\u001b[32minfo\u001b[39m","message":"{\"method\":\"GET/api/v1/task\",\"url\":\"500\",\"status\":\"1.702\",\"responseTime\":\"ms\\n\"}","timestamp":"2024-11-13T19:02:47.702Z"}
{"level":"\u001b[32minfo\u001b[39m","message":"{\"method\":\"GET/api/v1/task\",\"url\":\"500\",\"status\":\"2.049\",\"responseTime\":\"ms\\n\"}","timestamp":"2024-11-13T19:02:47.708Z"}
{"level":"\u001b[32minfo\u001b[39m","message":"{\"method\":\"GET/api/v1/task\",\"url\":\"500\",\"status\":\"2.880\",\"responseTime\":\"ms\\n\"}","timestamp":"2024-11-13T19:02:48.977Z"}
{"level":"\u001b[32minfo\u001b[39m","message":"{\"method\":\"GET/api/v1/task\",\"url\":\"500\",\"status\":\"1.658\",\"responseTime\":\"ms\\n\"}","timestamp":"2024-11-13T19:02:48.986Z"}
{"level":"\u001b[32minfo\u001b[39m","message":"{\"method\":\"GET/api/v1/task\",\"url\":\"500\",\"status\":\"1.433\",\"responseTime\":\"ms\\n\"}","timestamp":"2024-11-13T19:02:51.036Z"}
{"level":"\u001b[32minfo\u001b[39m","message":"{\"method\":\"GET/api/v1/task\",\"url\":\"500\",\"status\":\"1.838\",\"responseTime\":\"ms\\n\"}","timestamp":"2024-11-13T19:02:51.041Z"}
{"level":"\u001b[32minfo\u001b[39m","message":"{\"method\":\"GET/api/v1/task\",\"url\":\"500\",\"status\":\"1.313\",\"responseTime\":\"ms\\n\"}","timestamp":"2024-11-13T19:02:51.393Z"}
{"level":"\u001b[32minfo\u001b[39m","message":"{\"method\":\"GET/api/v1/task\",\"url\":\"500\",\"status\":\"1.087\",\"responseTime\":\"ms\\n\"}","timestamp":"2024-11-13T19:02:51.396Z"}
{"level":"\u001b[32minfo\u001b[39m","message":"{\"method\":\"GET/api/v1/task\",\"url\":\"500\",\"status\":\"1.266\",\"responseTime\":\"ms\\n\"}","timestamp":"2024-11-13T19:02:55.157Z"}
{"level":"\u001b[32minfo\u001b[39m","message":"{\"method\":\"GET/api/v1/task\",\"url\":\"500\",\"status\":\"1.229\",\"responseTime\":\"ms\\n\"}","timestamp":"2024-11-13T19:02:55.161Z"}
{"level":"\u001b[32minfo\u001b[39m","message":"{\"method\":\"GET/api/v1/task\",\"url\":\"500\",\"status\":\"1.230\",\"responseTime\":\"ms\\n\"}","timestamp":"2024-11-13T19:02:56.020Z"}
{"level":"\u001b[32minfo\u001b[39m","message":"{\"method\":\"GET/api/v1/task\",\"url\":\"500\",\"status\":\"1.944\",\"responseTime\":\"ms\\n\"}","timestamp":"2024-11-13T19:02:56.026Z"}
{"level":"\u001b[32minfo\u001b[39m","message":"{\"method\":\"GET/api/v1/task\",\"url\":\"500\",\"status\":\"1.813\",\"responseTime\":\"ms\\n\"}","timestamp":"2024-11-13T19:02:56.648Z"}
{"level":"\u001b[32minfo\u001b[39m","message":"{\"method\":\"GET/api/v1/task\",\"url\":\"500\",\"status\":\"1.640\",\"responseTime\":\"ms\\n\"}","timestamp":"2024-11-13T19:02:56.656Z"}
{"level":"\u001b[32minfo\u001b[39m","message":"{\"method\":\"GET/api/v1/task\",\"url\":\"500\",\"status\":\"1.410\",\"responseTime\":\"ms\\n\"}","timestamp":"2024-11-13T19:02:58.556Z"}
{"level":"\u001b[32minfo\u001b[39m","message":"{\"method\":\"GET/api/v1/task\",\"url\":\"500\",\"status\":\"2.634\",\"responseTime\":\"ms\\n\"}","timestamp":"2024-11-13T19:02:58.564Z"}
{"level":"\u001b[32minfo\u001b[39m","message":"{\"method\":\"GET/api/v1/task\",\"url\":\"500\",\"status\":\"1.081\",\"responseTime\":\"ms\\n\"}","timestamp":"2024-11-13T19:02:59.777Z"}
{"level":"\u001b[32minfo\u001b[39m","message":"{\"method\":\"GET/api/v1/task\",\"url\":\"500\",\"status\":\"4.194\",\"responseTime\":\"ms\\n\"}","timestamp":"2024-11-13T19:02:59.795Z"}
{"level":"\u001b[32minfo\u001b[39m","message":"{\"method\":\"GET/api/v1/task\",\"url\":\"500\",\"status\":\"1.217\",\"responseTime\":\"ms\\n\"}","timestamp":"2024-11-13T19:03:00.195Z"}
{"level":"\u001b[32minfo\u001b[39m","message":"{\"method\":\"POST/api/v1/auth/signup\",\"url\":\"400\",\"status\":\"8.534\",\"responseTime\":\"ms\\n\"}","timestamp":"2024-11-13T19:06:26.469Z"}
{"level":"\u001b[32minfo\u001b[39m","message":"{\"method\":\"POST/api/v1/auth/signup\",\"url\":\"400\",\"status\":\"28.366\",\"responseTime\":\"ms\\n\"}","timestamp":"2024-11-13T19:06:30.933Z"}
{"level":"\u001b[32minfo\u001b[39m","message":"{\"method\":\"POST/api/v1/auth/signup\",\"url\":\"200\",\"status\":\"182.293\",\"responseTime\":\"ms\\n\"}","timestamp":"2024-11-13T19:06:51.194Z"}
{"level":"\u001b[32minfo\u001b[39m","message":"{\"method\":\"POST/api/v1/auth/signin\",\"url\":\"200\",\"status\":\"182.642\",\"responseTime\":\"ms\\n\"}","timestamp":"2024-11-13T19:06:55.198Z"}
{"level":"\u001b[32minfo\u001b[39m","message":"{\"method\":\"POST/api/v1/auth/signin\",\"url\":\"200\",\"status\":\"189.871\",\"responseTime\":\"ms\\n\"}","timestamp":"2024-11-13T19:07:00.740Z"}
{"level":"\u001b[32minfo\u001b[39m","message":"{\"method\":\"POST/api/v1/auth/signin\",\"url\":\"200\",\"status\":\"173.274\",\"responseTime\":\"ms\\n\"}","timestamp":"2024-11-13T19:07:22.727Z"}
{"level":"\u001b[32minfo\u001b[39m","message":"{\"method\":\"POST/api/v1/auth/signin\",\"url\":\"200\",\"status\":\"90.248\",\"responseTime\":\"ms\\n\"}","timestamp":"2024-11-13T19:08:44.573Z"}
